TN:
SF:/Users/weigao/Documents/RICE_MCS/course/COMP531 exclude/Assignment5/hw5-s19-wg15/src/polyfills.ts
FNF:0
FNH:0
LF:0
LH:0
BRF:0
BRH:0
end_of_record
TN:
SF:/Users/weigao/Documents/RICE_MCS/course/COMP531 exclude/Assignment5/hw5-s19-wg15/src/test.ts
FNF:0
FNH:0
DA:13,1
DA:18,1
DA:20,1
LF:3
LH:3
BRF:0
BRH:0
end_of_record
TN:
SF:/Users/weigao/Documents/RICE_MCS/course/COMP531 exclude/Assignment5/hw5-s19-wg15/src/app/app-routing.module.ts
FN:19,AppRoutingModule
FNF:1
FNH:0
FNDA:0,AppRoutingModule
DA:19,1
LF:1
LH:1
BRF:0
BRH:0
end_of_record
TN:
SF:/Users/weigao/Documents/RICE_MCS/course/COMP531 exclude/Assignment5/hw5-s19-wg15/src/app/auth/auth.component.ts
FN:10,AuthComponent
FN:12,(anonymous_2)
FNF:2
FNH:0
FNDA:0,AuthComponent
FNDA:0,(anonymous_2)
DA:8,1
DA:9,0
DA:12,1
DA:13,1
LF:4
LH:3
BRF:0
BRH:0
end_of_record
TN:
SF:/Users/weigao/Documents/RICE_MCS/course/COMP531 exclude/Assignment5/hw5-s19-wg15/src/app/auth/login/login.component.ts
FN:20,LoginComponent
FN:22,(anonymous_2)
FN:30,(anonymous_3)
FN:34,(anonymous_4)
FN:38,(anonymous_5)
FNF:5
FNH:5
FNDA:9,LoginComponent
FNDA:9,(anonymous_2)
FNDA:9,(anonymous_3)
FNDA:9,(anonymous_4)
FNDA:11,(anonymous_5)
DA:14,1
DA:20,9
DA:22,1
DA:23,9
DA:24,9
DA:30,1
DA:31,9
DA:34,1
DA:35,9
DA:38,1
DA:39,11
DA:87,1
LF:12
LH:12
BRF:0
BRH:0
end_of_record
TN:
SF:/Users/weigao/Documents/RICE_MCS/course/COMP531 exclude/Assignment5/hw5-s19-wg15/src/app/auth/login/login.service.ts
FN:12,LoginService
FN:15,(anonymous_2)
FN:44,(anonymous_3)
FN:47,(anonymous_4)
FN:51,(anonymous_5)
FN:56,(anonymous_6)
FN:95,(anonymous_7)
FNF:7
FNH:7
FNDA:9,LoginService
FNDA:9,(anonymous_2)
FNDA:9,(anonymous_3)
FNDA:9,(anonymous_4)
FNDA:11,(anonymous_5)
FNDA:21,(anonymous_6)
FNDA:14,(anonymous_7)
DA:11,1
DA:12,9
DA:13,9
DA:15,9
DA:20,9
DA:32,9
DA:44,1
DA:45,9
DA:47,1
DA:48,9
DA:51,11
DA:54,11
DA:56,11
DA:58,21
DA:64,2
DA:65,2
DA:71,10
DA:77,7
DA:78,7
DA:82,7
DA:86,7
DA:95,7
DA:96,14
DA:98,7
DA:100,3
DA:105,1
LF:26
LH:26
BRDA:57,0,0,21
BRDA:57,0,1,10
BRDA:60,1,0,21
BRDA:60,1,1,19
BRDA:60,1,2,19
BRDA:74,2,0,57
BRDA:74,2,1,9
BRF:7
BRH:7
end_of_record
TN:
SF:/Users/weigao/Documents/RICE_MCS/course/COMP531 exclude/Assignment5/hw5-s19-wg15/src/app/auth/registeration/registeration.component.ts
FN:15,RegisterationComponent
FN:17,(anonymous_2)
FN:25,(anonymous_3)
FN:29,(anonymous_4)
FN:33,(anonymous_5)
FNF:5
FNH:0
FNDA:0,RegisterationComponent
FNDA:0,(anonymous_2)
FNDA:0,(anonymous_3)
FNDA:0,(anonymous_4)
FNDA:0,(anonymous_5)
DA:13,1
DA:15,0
DA:17,1
DA:18,0
DA:19,0
DA:25,1
DA:26,0
DA:29,1
DA:30,0
DA:33,1
DA:34,0
DA:37,1
LF:12
LH:6
BRF:0
BRH:0
end_of_record
TN:
SF:/Users/weigao/Documents/RICE_MCS/course/COMP531 exclude/Assignment5/hw5-s19-wg15/src/app/auth/registeration/registeration.service.ts
FN:10,RegisterationService
FN:36,(anonymous_2)
FN:39,(anonymous_3)
FN:43,(anonymous_4)
FN:46,(anonymous_5)
FN:53,(anonymous_6)
FN:59,(anonymous_7)
FN:106,(anonymous_8)
FN:112,(anonymous_9)
FNF:9
FNH:0
FNDA:0,RegisterationService
FNDA:0,(anonymous_2)
FNDA:0,(anonymous_3)
FNDA:0,(anonymous_4)
FNDA:0,(anonymous_5)
FNDA:0,(anonymous_6)
FNDA:0,(anonymous_7)
FNDA:0,(anonymous_8)
FNDA:0,(anonymous_9)
DA:9,1
DA:10,0
DA:12,0
DA:24,0
DA:36,1
DA:37,0
DA:39,1
DA:40,0
DA:43,1
DA:45,0
DA:46,0
DA:47,0
DA:51,0
DA:52,0
DA:53,0
DA:54,0
DA:56,0
DA:59,0
DA:60,0
DA:62,0
DA:66,0
DA:67,0
DA:69,0
DA:72,0
DA:73,0
DA:75,0
DA:78,0
DA:83,0
DA:85,0
DA:88,0
DA:89,0
DA:91,0
DA:94,0
DA:95,0
DA:96,0
DA:99,0
DA:105,0
DA:106,0
DA:107,0
DA:112,0
DA:114,0
DA:117,0
DA:120,1
LF:43
LH:5
BRDA:47,0,0,0
BRDA:47,0,1,0
BRDA:47,1,0,0
BRDA:47,1,1,0
BRDA:51,2,0,0
BRDA:51,2,1,0
BRDA:61,3,0,0
BRDA:61,3,1,0
BRDA:66,4,0,0
BRDA:66,4,1,0
BRDA:72,5,0,0
BRDA:72,5,1,0
BRDA:78,6,0,0
BRDA:78,6,1,0
BRDA:88,7,0,0
BRDA:88,7,1,0
BRDA:94,8,0,0
BRDA:94,8,1,0
BRDA:107,9,0,0
BRDA:107,9,1,0
BRF:20
BRH:0
end_of_record
TN:
SF:/Users/weigao/Documents/RICE_MCS/course/COMP531 exclude/Assignment5/hw5-s19-wg15/src/app/main/main.component.ts
FN:10,MainComponent
FN:12,(anonymous_2)
FN:22,(anonymous_3)
FN:28,(anonymous_4)
FNF:4
FNH:3
FNDA:9,MainComponent
FNDA:9,(anonymous_2)
FNDA:0,(anonymous_3)
FNDA:1,(anonymous_4)
DA:9,1
DA:12,1
DA:14,9
DA:20,9
DA:22,1
DA:23,0
DA:24,0
DA:25,0
DA:28,1
DA:29,1
DA:31,1
LF:11
LH:8
BRF:0
BRH:0
end_of_record
TN:
SF:/Users/weigao/Documents/RICE_MCS/course/COMP531 exclude/Assignment5/hw5-s19-wg15/src/app/main/main.service.ts
FN:22,MainService
FN:25,(anonymous_2)
FN:32,(anonymous_3)
FN:36,(anonymous_4)
FN:40,(anonymous_5)
FN:46,(anonymous_6)
FN:50,(anonymous_7)
FN:54,(anonymous_8)
FN:58,(anonymous_9)
FN:62,(anonymous_10)
FN:73,(anonymous_11)
FN:80,(anonymous_12)
FN:101,(anonymous_13)
FN:113,(anonymous_14)
FN:118,(anonymous_15)
FN:128,(anonymous_16)
FN:130,(anonymous_17)
FNF:17
FNH:13
FNDA:9,MainService
FNDA:9,(anonymous_2)
FNDA:8,(anonymous_3)
FNDA:9,(anonymous_4)
FNDA:8,(anonymous_5)
FNDA:1,(anonymous_6)
FNDA:0,(anonymous_7)
FNDA:18,(anonymous_8)
FNDA:18,(anonymous_9)
FNDA:0,(anonymous_10)
FNDA:0,(anonymous_11)
FNDA:1,(anonymous_12)
FNDA:0,(anonymous_13)
FNDA:2,(anonymous_14)
FNDA:16,(anonymous_15)
FNDA:1,(anonymous_16)
FNDA:8,(anonymous_17)
DA:12,1
DA:18,9
DA:19,9
DA:22,9
DA:23,9
DA:26,9
DA:28,9
DA:32,9
DA:33,8
DA:36,9
DA:37,9
DA:40,9
DA:41,8
DA:42,8
DA:46,1
DA:47,1
DA:50,1
DA:51,0
DA:54,1
DA:55,18
DA:58,1
DA:59,18
DA:62,1
DA:63,0
DA:69,0
DA:70,0
DA:73,1
DA:75,0
DA:77,0
DA:80,1
DA:82,1
DA:83,1
DA:86,0
DA:87,0
DA:90,1
DA:94,0
DA:98,0
DA:99,0
DA:101,0
DA:103,0
DA:105,0
DA:108,0
DA:110,0
DA:113,2
DA:114,2
DA:115,2
DA:116,2
DA:118,2
DA:120,48
DA:122,2
DA:125,2
DA:128,1
DA:129,1
DA:130,1
DA:131,8
DA:132,0
DA:133,8
DA:135,1
DA:137,1
LF:59
LH:42
BRDA:75,0,0,0
BRDA:75,0,1,0
BRDA:90,1,0,1
BRDA:90,1,1,0
BRDA:103,2,0,0
BRDA:103,2,1,0
BRDA:120,3,0,14
BRDA:120,3,1,34
BRDA:131,4,0,0
BRDA:131,4,1,8
BRDA:131,5,0,8
BRDA:131,5,1,8
BRF:12
BRH:6
end_of_record
TN:
SF:/Users/weigao/Documents/RICE_MCS/course/COMP531 exclude/Assignment5/hw5-s19-wg15/src/app/main/following/following.component.ts
FN:16,FollowingComponent
FN:21,(anonymous_2)
FN:25,(anonymous_3)
FN:26,(anonymous_4)
FN:29,(anonymous_5)
FN:35,(anonymous_6)
FNF:6
FNH:6
FNDA:18,FollowingComponent
FNDA:18,(anonymous_2)
FNDA:18,(anonymous_3)
FNDA:40,(anonymous_4)
FNDA:1,(anonymous_5)
FNDA:2,(anonymous_6)
DA:12,1
DA:13,18
DA:15,18
DA:18,18
DA:21,1
DA:22,18
DA:25,18
DA:26,40
DA:29,1
DA:30,1
DA:31,0
DA:32,1
DA:35,1
DA:36,2
DA:38,1
LF:15
LH:14
BRDA:30,0,0,0
BRDA:30,0,1,1
BRF:2
BRH:1
end_of_record
TN:
SF:/Users/weigao/Documents/RICE_MCS/course/COMP531 exclude/Assignment5/hw5-s19-wg15/src/app/main/posts/post.ts
FN:1,(anonymous_0)
FN:7,Post
FNF:2
FNH:1
FNDA:1,(anonymous_0)
FNDA:0,Post
DA:1,1
DA:8,0
DA:9,0
DA:10,0
DA:11,0
DA:13,1
LF:6
LH:2
BRF:0
BRH:0
end_of_record
TN:
SF:/Users/weigao/Documents/RICE_MCS/course/COMP531 exclude/Assignment5/hw5-s19-wg15/src/app/main/posts/posts.component.ts
FN:15,PostsComponent
FN:17,(anonymous_2)
FN:21,(anonymous_3)
FN:22,(anonymous_4)
FN:27,(anonymous_5)
FN:32,(anonymous_6)
FN:36,(anonymous_7)
FNF:7
FNH:5
FNDA:18,PostsComponent
FNDA:18,(anonymous_2)
FNDA:18,(anonymous_3)
FNDA:42,(anonymous_4)
FNDA:0,(anonymous_5)
FNDA:0,(anonymous_6)
FNDA:1,(anonymous_7)
DA:10,1
DA:12,18
DA:13,18
DA:15,18
DA:17,1
DA:18,18
DA:21,18
DA:22,18
DA:23,42
DA:27,1
DA:28,0
DA:29,0
DA:32,1
DA:33,0
DA:36,1
DA:37,1
DA:39,1
LF:17
LH:14
BRF:0
BRH:0
end_of_record
TN:
SF:/Users/weigao/Documents/RICE_MCS/course/COMP531 exclude/Assignment5/hw5-s19-wg15/src/app/main/posts/posts.service.ts
FN:9,PostsService
FN:11,(anonymous_2)
FNF:2
FNH:1
FNDA:9,PostsService
FNDA:0,(anonymous_2)
DA:8,1
DA:9,9
DA:11,1
DA:12,0
DA:14,1
LF:5
LH:4
BRF:0
BRH:0
end_of_record
TN:
SF:/Users/weigao/Documents/RICE_MCS/course/COMP531 exclude/Assignment5/hw5-s19-wg15/src/app/profile/profile.component.ts
FN:15,ProfileComponent
FN:57,(anonymous_2)
FN:63,(anonymous_3)
FN:64,(anonymous_4)
FN:66,(anonymous_5)
FN:73,(anonymous_6)
FN:77,(anonymous_7)
FN:78,(anonymous_8)
FN:132,(anonymous_9)
FN:137,(anonymous_10)
FNF:10
FNH:6
FNDA:9,ProfileComponent
FNDA:9,(anonymous_2)
FNDA:9,(anonymous_3)
FNDA:18,(anonymous_4)
FNDA:72,(anonymous_5)
FNDA:1,(anonymous_6)
FNDA:0,(anonymous_7)
FNDA:0,(anonymous_8)
FNDA:0,(anonymous_9)
FNDA:0,(anonymous_10)
DA:14,1
DA:16,9
DA:17,9
DA:18,9
DA:21,9
DA:33,9
DA:45,9
DA:57,1
DA:58,9
DA:63,9
DA:64,9
DA:66,9
DA:67,72
DA:73,1
DA:74,1
DA:77,1
DA:78,0
DA:79,0
DA:86,0
DA:89,0
DA:91,0
DA:94,0
DA:97,0
DA:99,0
DA:102,0
DA:107,0
DA:109,0
DA:112,0
DA:115,0
DA:117,0
DA:120,0
DA:121,0
DA:122,0
DA:125,0
DA:130,0
DA:132,0
DA:133,0
DA:137,0
DA:143,0
DA:144,0
DA:149,1
LF:41
LH:17
BRDA:81,0,0,0
BRDA:81,0,1,0
BRDA:86,1,0,0
BRDA:86,1,1,0
BRDA:94,2,0,0
BRDA:94,2,1,0
BRDA:102,3,0,0
BRDA:102,3,1,0
BRDA:112,4,0,0
BRDA:112,4,1,0
BRDA:120,5,0,0
BRDA:120,5,1,0
BRDA:133,6,0,0
BRDA:133,6,1,0
BRDA:139,7,0,0
BRDA:139,7,1,0
BRDA:139,7,2,0
BRF:17
BRH:0
end_of_record
TN:
SF:/Users/weigao/Documents/RICE_MCS/course/COMP531 exclude/Assignment5/hw5-s19-wg15/src/app/profile/profile.service.ts
FN:15,ProfileService
FN:18,(anonymous_2)
FN:34,(anonymous_3)
FN:46,(anonymous_4)
FNF:4
FNH:4
FNDA:9,ProfileService
FNDA:8,(anonymous_2)
FNDA:1,(anonymous_3)
FNDA:9,(anonymous_4)
DA:10,1
DA:13,9
DA:15,9
DA:16,9
DA:19,8
DA:21,8
DA:23,48
DA:27,7
DA:30,8
DA:34,1
DA:35,1
DA:37,4
DA:41,1
DA:43,1
DA:46,1
DA:47,9
DA:49,1
LF:17
LH:17
BRDA:23,0,0,7
BRDA:23,0,1,41
BRDA:37,1,0,1
BRDA:37,1,1,3
BRF:4
BRH:4
end_of_record
TN:
SF:/Users/weigao/Documents/RICE_MCS/course/COMP531 exclude/Assignment5/hw5-s19-wg15/src/app/profile/profile.ts
FN:1,(anonymous_0)
FNF:1
FNH:1
FNDA:24,(anonymous_0)
DA:1,1
DA:11,1
LF:2
LH:2
BRF:0
BRH:0
end_of_record
