<?xml version="1.0" encoding="UTF-8" ?>
<testsuites disabled="0" errors="0" failures="0" tests="9" time="5.802">
 <testsuite name="Ricebook End to End test" timestamp="2019-04-04T23:30:30" hostname="localhost" time="5.802" errors="0" tests="9" skipped="0" disabled="0" failures="0">
  <testcase classname="Ricebook End to End test" name="should display welcome message" time="1.346" />
  <testcase classname="Ricebook End to End test" name="should register new user" time="1.473" />
  <testcase classname="Ricebook End to End test" name="should log in a valid user" time="0.628" />
  <testcase classname="Ricebook End to End test" name="should create a article" time="0.682" />
  <testcase classname="Ricebook End to End test" name="should update headline and verify change" time="0.484" />
  <testcase classname="Ricebook End to End test" name="should logout the loggedin user" time="0.291" />
  <testcase classname="Ricebook End to End test" name="should login the test user" time="0.436" />
  <testcase classname="Ricebook End to End test" name="should Search for a keyword that matches only one of test user&apos;s articles and verify only one article shows, and verify the author" time="0.286" />
  <testcase classname="Ricebook End to End test" name="should logout the test user" time="0.171" />
 </testsuite>
</testsuites>